[2017-03-21 17:06:50.910] [DEBUG] [main] [InternalLoggerFactory.debug] 71 - Using SLF4J as the default logging framework
[2017-03-21 17:06:50.925] [DEBUG] [main] [MultithreadEventLoopGroup.debug] 76 - -Dio.netty.eventLoopThreads: 8
[2017-03-21 17:06:50.944] [DEBUG] [main] [PlatformDependent.debug] 76 - -Dio.netty.noUnsafe: false
[2017-03-21 17:06:50.947] [DEBUG] [main] [PlatformDependent0.debug] 71 - sun.misc.Unsafe.theUnsafe: available
[2017-03-21 17:06:50.948] [DEBUG] [main] [PlatformDependent0.debug] 71 - sun.misc.Unsafe.copyMemory: available
[2017-03-21 17:06:50.949] [DEBUG] [main] [PlatformDependent0.debug] 71 - java.nio.Buffer.address: available
[2017-03-21 17:06:50.949] [DEBUG] [main] [PlatformDependent0.debug] 71 - direct buffer constructor: available
[2017-03-21 17:06:50.950] [DEBUG] [main] [PlatformDependent0.debug] 76 - java.nio.Bits.unaligned: available, true
[2017-03-21 17:06:50.950] [DEBUG] [main] [PlatformDependent0.debug] 76 - java.nio.DirectByteBuffer.<init>(long, int): available
[2017-03-21 17:06:50.951] [DEBUG] [main] [Cleaner0.debug] 71 - java.nio.ByteBuffer.cleaner(): available
[2017-03-21 17:06:50.952] [DEBUG] [main] [PlatformDependent.debug] 71 - Platform: Windows
[2017-03-21 17:06:50.952] [DEBUG] [main] [PlatformDependent.debug] 76 - Java version: 8
[2017-03-21 17:06:50.952] [DEBUG] [main] [PlatformDependent.debug] 76 - sun.misc.Unsafe: available
[2017-03-21 17:06:50.953] [DEBUG] [main] [PlatformDependent.debug] 76 - -Dio.netty.tmpdir: C:\Users\dacap\AppData\Local\Temp (java.io.tmpdir)
[2017-03-21 17:06:50.953] [DEBUG] [main] [PlatformDependent.debug] 76 - -Dio.netty.bitMode: 64 (sun.arch.data.model)
[2017-03-21 17:06:50.954] [DEBUG] [main] [PlatformDependent.debug] 76 - -Dio.netty.noPreferDirect: false
[2017-03-21 17:06:50.955] [DEBUG] [main] [PlatformDependent.debug] 76 - io.netty.maxDirectMemory: 1905262592 bytes
[2017-03-21 17:06:50.973] [DEBUG] [main] [NioEventLoop.debug] 76 - -Dio.netty.noKeySetOptimization: false
[2017-03-21 17:06:50.974] [DEBUG] [main] [NioEventLoop.debug] 76 - -Dio.netty.selectorAutoRebuildThreshold: 512
[2017-03-21 17:06:50.975] [DEBUG] [main] [PlatformDependent.debug] 71 - org.jctools-core.MpscChunkedArrayQueue: available
[2017-03-21 17:06:51.140] [DEBUG] [main] [DefaultChannelId.debug] 76 - -Dio.netty.processId: 6512 (auto-detected)
[2017-03-21 17:06:51.143] [DEBUG] [main] [NetUtil.debug] 76 - -Djava.net.preferIPv4Stack: false
[2017-03-21 17:06:51.144] [DEBUG] [main] [NetUtil.debug] 76 - -Djava.net.preferIPv6Addresses: false
[2017-03-21 17:06:51.163] [DEBUG] [main] [NetUtil.debug] 86 - Loopback interface: lo (Software Loopback Interface 1, 127.0.0.1)
[2017-03-21 17:06:51.164] [DEBUG] [main] [NetUtil.debug] 81 - \proc\sys\net\core\somaxconn: 200 (non-existent)
[2017-03-21 17:06:51.189] [DEBUG] [main] [DefaultChannelId.debug] 76 - -Dio.netty.machineId: 00:00:00:00:00:00:00:e0 (auto-detected)
[2017-03-21 17:06:51.205] [DEBUG] [main] [ResourceLeakDetector.debug] 81 - -Dio.netty.leakDetection.level: simple
[2017-03-21 17:06:51.206] [DEBUG] [main] [ResourceLeakDetector.debug] 81 - -Dio.netty.leakDetection.maxRecords: 4
[2017-03-21 17:06:51.231] [DEBUG] [main] [PooledByteBufAllocator.debug] 76 - -Dio.netty.allocator.numHeapArenas: 8
[2017-03-21 17:06:51.231] [DEBUG] [main] [PooledByteBufAllocator.debug] 76 - -Dio.netty.allocator.numDirectArenas: 8
[2017-03-21 17:06:51.231] [DEBUG] [main] [PooledByteBufAllocator.debug] 76 - -Dio.netty.allocator.pageSize: 8192
[2017-03-21 17:06:51.231] [DEBUG] [main] [PooledByteBufAllocator.debug] 76 - -Dio.netty.allocator.maxOrder: 11
[2017-03-21 17:06:51.232] [DEBUG] [main] [PooledByteBufAllocator.debug] 76 - -Dio.netty.allocator.chunkSize: 16777216
[2017-03-21 17:06:51.232] [DEBUG] [main] [PooledByteBufAllocator.debug] 76 - -Dio.netty.allocator.tinyCacheSize: 512
[2017-03-21 17:06:51.232] [DEBUG] [main] [PooledByteBufAllocator.debug] 76 - -Dio.netty.allocator.smallCacheSize: 256
[2017-03-21 17:06:51.232] [DEBUG] [main] [PooledByteBufAllocator.debug] 76 - -Dio.netty.allocator.normalCacheSize: 64
[2017-03-21 17:06:51.232] [DEBUG] [main] [PooledByteBufAllocator.debug] 76 - -Dio.netty.allocator.maxCachedBufferCapacity: 32768
[2017-03-21 17:06:51.233] [DEBUG] [main] [PooledByteBufAllocator.debug] 76 - -Dio.netty.allocator.cacheTrimInterval: 8192
[2017-03-21 17:06:51.233] [DEBUG] [main] [PooledByteBufAllocator.debug] 76 - -Dio.netty.allocator.useCacheForAllThreads: true
[2017-03-21 17:06:51.240] [DEBUG] [main] [ByteBufUtil.debug] 76 - -Dio.netty.allocator.type: pooled
[2017-03-21 17:06:51.240] [DEBUG] [main] [ByteBufUtil.debug] 76 - -Dio.netty.threadLocalDirectBufferSize: 65536
[2017-03-21 17:06:51.241] [DEBUG] [main] [ByteBufUtil.debug] 76 - -Dio.netty.maxThreadLocalCharBufferSize: 16384
[2017-03-21 17:06:51.254] [DEBUG] [main] [RemoteServer.serverStart] 51 - remoteServer started at port 17200
[2017-03-21 17:06:53.175] [INFO ] [nioEventLoopGroup-3-1] [RemoteServerInitializer.initChannel] 21 - initChannel !
[2017-03-21 17:06:55.121] [DEBUG] [nioEventLoopGroup-3-1] [Recycler.debug] 76 - -Dio.netty.recycler.maxCapacityPerThread: 32768
[2017-03-21 17:06:55.121] [DEBUG] [nioEventLoopGroup-3-1] [Recycler.debug] 76 - -Dio.netty.recycler.maxSharedCapacityFactor: 2
[2017-03-21 17:06:55.121] [DEBUG] [nioEventLoopGroup-3-1] [Recycler.debug] 76 - -Dio.netty.recycler.linkCapacity: 16
[2017-03-21 17:06:55.123] [DEBUG] [nioEventLoopGroup-3-1] [Recycler.debug] 76 - -Dio.netty.recycler.ratio: 8
[2017-03-21 17:06:55.132] [DEBUG] [nioEventLoopGroup-3-1] [AbstractByteBuf.debug] 81 - -Dio.netty.buffer.bytebuf.checkAccessible: true
[2017-03-21 17:06:55.134] [DEBUG] [nioEventLoopGroup-3-1] [ResourceLeakDetectorFactory.debug] 76 - Loaded default ResourceLeakDetector: io.netty.util.ResourceLeakDetector@3c46044c
[2017-03-21 17:06:55.138] [DEBUG] [nioEventLoopGroup-3-1] [MsgController.channelRead0] 20 - ===== msg Receiver =====
[2017-03-21 17:06:55.144] [WARN ] [nioEventLoopGroup-3-1] [DefaultChannelPipeline.warn] 151 - An exceptionCaught() event was fired, and it reached at the tail of the pipeline. It usually means the last handler in the pipeline did not handle the exception.
java.lang.ClassCastException: io.netty.buffer.PooledUnsafeDirectByteBuf cannot be cast to net.remote.remoteServer.vo.LoginUser
	at net.remote.remoteServer.controller.MsgController.channelRead0(MsgController.java:21) ~[classes/:na]
	at io.netty.channel.SimpleChannelInboundHandler.channelRead(SimpleChannelInboundHandler.java:105) ~[netty-all-4.1.9.Final.jar:4.1.9.Final]
	at io.netty.channel.AbstractChannelHandlerContext.invokeChannelRead(AbstractChannelHandlerContext.java:362) [netty-all-4.1.9.Final.jar:4.1.9.Final]
	at io.netty.channel.AbstractChannelHandlerContext.invokeChannelRead(AbstractChannelHandlerContext.java:348) [netty-all-4.1.9.Final.jar:4.1.9.Final]
	at io.netty.channel.AbstractChannelHandlerContext.fireChannelRead(AbstractChannelHandlerContext.java:340) [netty-all-4.1.9.Final.jar:4.1.9.Final]
	at io.netty.handler.codec.MessageToMessageDecoder.channelRead(MessageToMessageDecoder.java:102) [netty-all-4.1.9.Final.jar:4.1.9.Final]
	at io.netty.channel.AbstractChannelHandlerContext.invokeChannelRead(AbstractChannelHandlerContext.java:362) [netty-all-4.1.9.Final.jar:4.1.9.Final]
	at io.netty.channel.AbstractChannelHandlerContext.invokeChannelRead(AbstractChannelHandlerContext.java:348) [netty-all-4.1.9.Final.jar:4.1.9.Final]
	at io.netty.channel.AbstractChannelHandlerContext.fireChannelRead(AbstractChannelHandlerContext.java:340) [netty-all-4.1.9.Final.jar:4.1.9.Final]
	at io.netty.channel.DefaultChannelPipeline$HeadContext.channelRead(DefaultChannelPipeline.java:1334) [netty-all-4.1.9.Final.jar:4.1.9.Final]
	at io.netty.channel.AbstractChannelHandlerContext.invokeChannelRead(AbstractChannelHandlerContext.java:362) [netty-all-4.1.9.Final.jar:4.1.9.Final]
	at io.netty.channel.AbstractChannelHandlerContext.invokeChannelRead(AbstractChannelHandlerContext.java:348) [netty-all-4.1.9.Final.jar:4.1.9.Final]
	at io.netty.channel.DefaultChannelPipeline.fireChannelRead(DefaultChannelPipeline.java:926) [netty-all-4.1.9.Final.jar:4.1.9.Final]
	at io.netty.channel.nio.AbstractNioByteChannel$NioByteUnsafe.read(AbstractNioByteChannel.java:134) [netty-all-4.1.9.Final.jar:4.1.9.Final]
	at io.netty.channel.nio.NioEventLoop.processSelectedKey(NioEventLoop.java:624) [netty-all-4.1.9.Final.jar:4.1.9.Final]
	at io.netty.channel.nio.NioEventLoop.processSelectedKeysOptimized(NioEventLoop.java:559) [netty-all-4.1.9.Final.jar:4.1.9.Final]
	at io.netty.channel.nio.NioEventLoop.processSelectedKeys(NioEventLoop.java:476) [netty-all-4.1.9.Final.jar:4.1.9.Final]
	at io.netty.channel.nio.NioEventLoop.run(NioEventLoop.java:438) [netty-all-4.1.9.Final.jar:4.1.9.Final]
	at io.netty.util.concurrent.SingleThreadEventExecutor$5.run(SingleThreadEventExecutor.java:858) [netty-all-4.1.9.Final.jar:4.1.9.Final]
	at io.netty.util.concurrent.DefaultThreadFactory$DefaultRunnableDecorator.run(DefaultThreadFactory.java:144) [netty-all-4.1.9.Final.jar:4.1.9.Final]
	at java.lang.Thread.run(Thread.java:745) [na:1.8.0_111]
[2017-03-21 17:07:19.816] [DEBUG] [main] [InternalLoggerFactory.debug] 71 - Using SLF4J as the default logging framework
[2017-03-21 17:07:19.820] [DEBUG] [main] [MultithreadEventLoopGroup.debug] 76 - -Dio.netty.eventLoopThreads: 8
[2017-03-21 17:07:19.836] [DEBUG] [main] [PlatformDependent.debug] 76 - -Dio.netty.noUnsafe: false
[2017-03-21 17:07:19.841] [DEBUG] [main] [PlatformDependent0.debug] 71 - sun.misc.Unsafe.theUnsafe: available
[2017-03-21 17:07:19.841] [DEBUG] [main] [PlatformDependent0.debug] 71 - sun.misc.Unsafe.copyMemory: available
[2017-03-21 17:07:19.842] [DEBUG] [main] [PlatformDependent0.debug] 71 - java.nio.Buffer.address: available
[2017-03-21 17:07:19.843] [DEBUG] [main] [PlatformDependent0.debug] 71 - direct buffer constructor: available
[2017-03-21 17:07:19.843] [DEBUG] [main] [PlatformDependent0.debug] 76 - java.nio.Bits.unaligned: available, true
[2017-03-21 17:07:19.844] [DEBUG] [main] [PlatformDependent0.debug] 76 - java.nio.DirectByteBuffer.<init>(long, int): available
[2017-03-21 17:07:19.844] [DEBUG] [main] [Cleaner0.debug] 71 - java.nio.ByteBuffer.cleaner(): available
[2017-03-21 17:07:19.845] [DEBUG] [main] [PlatformDependent.debug] 71 - Platform: Windows
[2017-03-21 17:07:19.845] [DEBUG] [main] [PlatformDependent.debug] 76 - Java version: 8
[2017-03-21 17:07:19.846] [DEBUG] [main] [PlatformDependent.debug] 76 - sun.misc.Unsafe: available
[2017-03-21 17:07:19.846] [DEBUG] [main] [PlatformDependent.debug] 76 - -Dio.netty.tmpdir: C:\Users\dacap\AppData\Local\Temp (java.io.tmpdir)
[2017-03-21 17:07:19.846] [DEBUG] [main] [PlatformDependent.debug] 76 - -Dio.netty.bitMode: 64 (sun.arch.data.model)
[2017-03-21 17:07:19.847] [DEBUG] [main] [PlatformDependent.debug] 76 - -Dio.netty.noPreferDirect: false
[2017-03-21 17:07:19.847] [DEBUG] [main] [PlatformDependent.debug] 76 - io.netty.maxDirectMemory: 1905262592 bytes
[2017-03-21 17:07:19.870] [DEBUG] [main] [NioEventLoop.debug] 76 - -Dio.netty.noKeySetOptimization: false
[2017-03-21 17:07:19.870] [DEBUG] [main] [NioEventLoop.debug] 76 - -Dio.netty.selectorAutoRebuildThreshold: 512
[2017-03-21 17:07:19.872] [DEBUG] [main] [PlatformDependent.debug] 71 - org.jctools-core.MpscChunkedArrayQueue: available
[2017-03-21 17:07:20.009] [DEBUG] [main] [DefaultChannelId.debug] 76 - -Dio.netty.processId: 1980 (auto-detected)
[2017-03-21 17:07:20.011] [DEBUG] [main] [NetUtil.debug] 76 - -Djava.net.preferIPv4Stack: false
[2017-03-21 17:07:20.011] [DEBUG] [main] [NetUtil.debug] 76 - -Djava.net.preferIPv6Addresses: false
[2017-03-21 17:07:20.029] [DEBUG] [main] [NetUtil.debug] 86 - Loopback interface: lo (Software Loopback Interface 1, 127.0.0.1)
[2017-03-21 17:07:20.029] [DEBUG] [main] [NetUtil.debug] 81 - \proc\sys\net\core\somaxconn: 200 (non-existent)
[2017-03-21 17:07:20.054] [DEBUG] [main] [DefaultChannelId.debug] 76 - -Dio.netty.machineId: 00:00:00:00:00:00:00:e0 (auto-detected)
[2017-03-21 17:07:20.068] [DEBUG] [main] [ResourceLeakDetector.debug] 81 - -Dio.netty.leakDetection.level: simple
[2017-03-21 17:07:20.068] [DEBUG] [main] [ResourceLeakDetector.debug] 81 - -Dio.netty.leakDetection.maxRecords: 4
[2017-03-21 17:07:20.091] [DEBUG] [main] [PooledByteBufAllocator.debug] 76 - -Dio.netty.allocator.numHeapArenas: 8
[2017-03-21 17:07:20.091] [DEBUG] [main] [PooledByteBufAllocator.debug] 76 - -Dio.netty.allocator.numDirectArenas: 8
[2017-03-21 17:07:20.092] [DEBUG] [main] [PooledByteBufAllocator.debug] 76 - -Dio.netty.allocator.pageSize: 8192
[2017-03-21 17:07:20.092] [DEBUG] [main] [PooledByteBufAllocator.debug] 76 - -Dio.netty.allocator.maxOrder: 11
[2017-03-21 17:07:20.092] [DEBUG] [main] [PooledByteBufAllocator.debug] 76 - -Dio.netty.allocator.chunkSize: 16777216
[2017-03-21 17:07:20.092] [DEBUG] [main] [PooledByteBufAllocator.debug] 76 - -Dio.netty.allocator.tinyCacheSize: 512
[2017-03-21 17:07:20.092] [DEBUG] [main] [PooledByteBufAllocator.debug] 76 - -Dio.netty.allocator.smallCacheSize: 256
[2017-03-21 17:07:20.092] [DEBUG] [main] [PooledByteBufAllocator.debug] 76 - -Dio.netty.allocator.normalCacheSize: 64
[2017-03-21 17:07:20.093] [DEBUG] [main] [PooledByteBufAllocator.debug] 76 - -Dio.netty.allocator.maxCachedBufferCapacity: 32768
[2017-03-21 17:07:20.093] [DEBUG] [main] [PooledByteBufAllocator.debug] 76 - -Dio.netty.allocator.cacheTrimInterval: 8192
[2017-03-21 17:07:20.093] [DEBUG] [main] [PooledByteBufAllocator.debug] 76 - -Dio.netty.allocator.useCacheForAllThreads: true
[2017-03-21 17:07:20.100] [DEBUG] [main] [ByteBufUtil.debug] 76 - -Dio.netty.allocator.type: pooled
[2017-03-21 17:07:20.101] [DEBUG] [main] [ByteBufUtil.debug] 76 - -Dio.netty.threadLocalDirectBufferSize: 65536
[2017-03-21 17:07:20.101] [DEBUG] [main] [ByteBufUtil.debug] 76 - -Dio.netty.maxThreadLocalCharBufferSize: 16384
[2017-03-21 17:07:20.115] [DEBUG] [main] [RemoteServer.serverStart] 51 - remoteServer started at port 17200
[2017-03-21 17:07:21.922] [INFO ] [nioEventLoopGroup-3-1] [RemoteServerInitializer.initChannel] 21 - initChannel !
[2017-03-21 17:07:24.828] [DEBUG] [nioEventLoopGroup-3-1] [Recycler.debug] 76 - -Dio.netty.recycler.maxCapacityPerThread: 32768
[2017-03-21 17:07:24.828] [DEBUG] [nioEventLoopGroup-3-1] [Recycler.debug] 76 - -Dio.netty.recycler.maxSharedCapacityFactor: 2
[2017-03-21 17:07:24.828] [DEBUG] [nioEventLoopGroup-3-1] [Recycler.debug] 76 - -Dio.netty.recycler.linkCapacity: 16
[2017-03-21 17:07:24.828] [DEBUG] [nioEventLoopGroup-3-1] [Recycler.debug] 76 - -Dio.netty.recycler.ratio: 8
[2017-03-21 17:07:24.836] [DEBUG] [nioEventLoopGroup-3-1] [AbstractByteBuf.debug] 81 - -Dio.netty.buffer.bytebuf.checkAccessible: true
[2017-03-21 17:07:24.839] [DEBUG] [nioEventLoopGroup-3-1] [ResourceLeakDetectorFactory.debug] 76 - Loaded default ResourceLeakDetector: io.netty.util.ResourceLeakDetector@e48b71a
[2017-03-21 17:07:24.843] [DEBUG] [nioEventLoopGroup-3-1] [MsgController.channelRead0] 20 - ===== msg Receiver =====
[2017-03-21 17:07:24.847] [WARN ] [nioEventLoopGroup-3-1] [DefaultChannelPipeline.warn] 151 - An exceptionCaught() event was fired, and it reached at the tail of the pipeline. It usually means the last handler in the pipeline did not handle the exception.
java.lang.ClassCastException: io.netty.buffer.PooledUnsafeDirectByteBuf cannot be cast to net.remote.remoteServer.vo.LoginUser
	at net.remote.remoteServer.controller.MsgController.channelRead0(MsgController.java:21) ~[classes/:na]
	at io.netty.channel.SimpleChannelInboundHandler.channelRead(SimpleChannelInboundHandler.java:105) ~[netty-all-4.1.9.Final.jar:4.1.9.Final]
	at io.netty.channel.AbstractChannelHandlerContext.invokeChannelRead(AbstractChannelHandlerContext.java:362) [netty-all-4.1.9.Final.jar:4.1.9.Final]
	at io.netty.channel.AbstractChannelHandlerContext.invokeChannelRead(AbstractChannelHandlerContext.java:348) [netty-all-4.1.9.Final.jar:4.1.9.Final]
	at io.netty.channel.AbstractChannelHandlerContext.fireChannelRead(AbstractChannelHandlerContext.java:340) [netty-all-4.1.9.Final.jar:4.1.9.Final]
	at io.netty.handler.codec.MessageToMessageDecoder.channelRead(MessageToMessageDecoder.java:102) [netty-all-4.1.9.Final.jar:4.1.9.Final]
	at io.netty.channel.AbstractChannelHandlerContext.invokeChannelRead(AbstractChannelHandlerContext.java:362) [netty-all-4.1.9.Final.jar:4.1.9.Final]
	at io.netty.channel.AbstractChannelHandlerContext.invokeChannelRead(AbstractChannelHandlerContext.java:348) [netty-all-4.1.9.Final.jar:4.1.9.Final]
	at io.netty.channel.AbstractChannelHandlerContext.fireChannelRead(AbstractChannelHandlerContext.java:340) [netty-all-4.1.9.Final.jar:4.1.9.Final]
	at io.netty.channel.DefaultChannelPipeline$HeadContext.channelRead(DefaultChannelPipeline.java:1334) [netty-all-4.1.9.Final.jar:4.1.9.Final]
	at io.netty.channel.AbstractChannelHandlerContext.invokeChannelRead(AbstractChannelHandlerContext.java:362) [netty-all-4.1.9.Final.jar:4.1.9.Final]
	at io.netty.channel.AbstractChannelHandlerContext.invokeChannelRead(AbstractChannelHandlerContext.java:348) [netty-all-4.1.9.Final.jar:4.1.9.Final]
	at io.netty.channel.DefaultChannelPipeline.fireChannelRead(DefaultChannelPipeline.java:926) [netty-all-4.1.9.Final.jar:4.1.9.Final]
	at io.netty.channel.nio.AbstractNioByteChannel$NioByteUnsafe.read(AbstractNioByteChannel.java:134) [netty-all-4.1.9.Final.jar:4.1.9.Final]
	at io.netty.channel.nio.NioEventLoop.processSelectedKey(NioEventLoop.java:624) [netty-all-4.1.9.Final.jar:4.1.9.Final]
	at io.netty.channel.nio.NioEventLoop.processSelectedKeysOptimized(NioEventLoop.java:559) [netty-all-4.1.9.Final.jar:4.1.9.Final]
	at io.netty.channel.nio.NioEventLoop.processSelectedKeys(NioEventLoop.java:476) [netty-all-4.1.9.Final.jar:4.1.9.Final]
	at io.netty.channel.nio.NioEventLoop.run(NioEventLoop.java:438) [netty-all-4.1.9.Final.jar:4.1.9.Final]
	at io.netty.util.concurrent.SingleThreadEventExecutor$5.run(SingleThreadEventExecutor.java:858) [netty-all-4.1.9.Final.jar:4.1.9.Final]
	at io.netty.util.concurrent.DefaultThreadFactory$DefaultRunnableDecorator.run(DefaultThreadFactory.java:144) [netty-all-4.1.9.Final.jar:4.1.9.Final]
	at java.lang.Thread.run(Thread.java:745) [na:1.8.0_111]
